<?xml version="1.0" encoding="UTF-8"?>
<testsuite name="com.sriram.calculator.CalculatorTest" tests="1" skipped="0" failures="0" errors="0" timestamp="2020-05-23T16:56:42" hostname="IN2-1026337MAC.local" time="0.015">
  <properties/>
  <testcase name="testSum()" classname="com.sriram.calculator.CalculatorTest" time="0.015"/>
  <system-out><![CDATA[]]></system-out>
  <system-err><![CDATA[]]></system-err>
</testsuite>
